TN:
SF:src\app.ts
FNF:0
FNH:0
DA:1,1
DA:2,1
DA:3,1
DA:4,1
DA:5,1
DA:6,1
DA:7,1
DA:8,1
DA:9,1
DA:10,1
LF:10
LH:10
BRF:0
BRH:0
end_of_record
TN:
SF:src\controller\CarController.ts
FN:10,CarController
FN:11,Object.<anonymous>.CarController.create
FN:25,Object.<anonymous>.CarController.findById
FN:42,Object.<anonymous>.CarController.findAll
FN:57,Object.<anonymous>.CarController.delete
FN:70,Object.<anonymous>.CarController.update
FNF:6
FNH:6
FNDA:1,CarController
FNDA:1,Object.<anonymous>.CarController.create
FNDA:1,Object.<anonymous>.CarController.findById
FNDA:1,Object.<anonymous>.CarController.findAll
FNDA:1,Object.<anonymous>.CarController.delete
FNDA:1,Object.<anonymous>.CarController.update
DA:1,1
DA:2,1
DA:3,1
DA:4,1
DA:5,1
DA:6,1
DA:7,1
DA:8,1
DA:9,1
DA:10,1
DA:11,1
DA:12,1
DA:13,1
DA:14,1
DA:15,1
DA:16,1
DA:17,1
DA:18,1
DA:19,1
DA:20,1
DA:21,1
DA:22,1
DA:23,1
DA:24,1
DA:25,1
DA:26,1
DA:27,1
DA:28,1
DA:29,1
DA:30,1
DA:31,1
DA:32,1
DA:33,1
DA:34,1
DA:35,1
DA:36,1
DA:37,1
DA:38,1
DA:39,1
DA:40,1
DA:41,1
DA:42,1
DA:43,1
DA:44,1
DA:45,1
DA:46,1
DA:47,1
DA:48,1
DA:49,1
DA:50,1
DA:51,1
DA:52,1
DA:53,1
DA:54,1
DA:55,1
DA:56,1
DA:57,1
DA:58,1
DA:59,1
DA:60,1
DA:61,1
DA:62,1
DA:63,1
DA:64,1
DA:65,1
DA:66,1
DA:67,1
DA:68,1
DA:69,1
DA:70,1
DA:71,1
DA:72,1
DA:73,1
DA:74,1
DA:75,1
DA:76,1
DA:77,1
DA:78,1
DA:79,1
DA:80,1
DA:81,1
DA:82,1
DA:83,1
DA:84,1
DA:85,1
DA:86,1
LF:86
LH:86
BRDA:10,0,0,1
BRDA:10,1,0,1
BRDA:11,2,0,1
BRDA:25,3,0,1
BRDA:42,4,0,1
BRDA:57,5,0,1
BRDA:70,6,0,1
BRF:7
BRH:7
end_of_record
TN:
SF:src\controller\CarUseController.ts
FN:10,CarUseController
FN:11,Object.<anonymous>.CarUseController.create
FN:25,Object.<anonymous>.CarUseController.findById
FN:42,Object.<anonymous>.CarUseController.findAll
FN:57,Object.<anonymous>.CarUseController.findAllByDriver
FN:73,Object.<anonymous>.CarUseController.endCarUse
FNF:6
FNH:6
FNDA:1,CarUseController
FNDA:1,Object.<anonymous>.CarUseController.create
FNDA:1,Object.<anonymous>.CarUseController.findById
FNDA:1,Object.<anonymous>.CarUseController.findAll
FNDA:1,Object.<anonymous>.CarUseController.findAllByDriver
FNDA:1,Object.<anonymous>.CarUseController.endCarUse
DA:1,1
DA:2,1
DA:3,1
DA:4,1
DA:5,1
DA:6,1
DA:7,1
DA:8,1
DA:9,1
DA:10,1
DA:11,1
DA:12,1
DA:13,1
DA:14,1
DA:15,1
DA:16,1
DA:17,1
DA:18,1
DA:19,1
DA:20,1
DA:21,1
DA:22,1
DA:23,1
DA:24,1
DA:25,1
DA:26,1
DA:27,1
DA:28,1
DA:29,1
DA:30,1
DA:31,1
DA:32,1
DA:33,1
DA:34,1
DA:35,1
DA:36,1
DA:37,1
DA:38,1
DA:39,1
DA:40,1
DA:41,1
DA:42,1
DA:43,1
DA:44,1
DA:45,1
DA:46,1
DA:47,1
DA:48,1
DA:49,1
DA:50,1
DA:51,1
DA:52,1
DA:53,1
DA:54,1
DA:55,1
DA:56,1
DA:57,1
DA:58,1
DA:59,1
DA:60,1
DA:61,1
DA:62,1
DA:63,1
DA:64,1
DA:65,1
DA:66,1
DA:67,1
DA:68,1
DA:69,1
DA:70,1
DA:71,1
DA:72,1
DA:73,1
DA:74,1
DA:75,1
DA:76,1
DA:77,1
DA:78,1
DA:79,1
DA:80,1
DA:81,1
DA:82,1
DA:83,1
DA:84,1
DA:85,1
DA:86,1
DA:87,1
DA:88,1
LF:88
LH:88
BRDA:10,0,0,1
BRDA:10,1,0,1
BRDA:11,2,0,1
BRDA:25,3,0,1
BRDA:42,4,0,1
BRDA:57,5,0,1
BRDA:73,6,0,1
BRF:7
BRH:7
end_of_record
TN:
SF:src\controller\DriverController.ts
FN:10,DriverController
FN:11,Object.<anonymous>.DriverController.create
FN:25,Object.<anonymous>.DriverController.findById
FN:42,Object.<anonymous>.DriverController.findAll
FN:57,Object.<anonymous>.DriverController.delete
FN:70,Object.<anonymous>.DriverController.update
FNF:6
FNH:6
FNDA:1,DriverController
FNDA:1,Object.<anonymous>.DriverController.create
FNDA:1,Object.<anonymous>.DriverController.findById
FNDA:1,Object.<anonymous>.DriverController.findAll
FNDA:1,Object.<anonymous>.DriverController.delete
FNDA:1,Object.<anonymous>.DriverController.update
DA:1,1
DA:2,1
DA:3,1
DA:4,1
DA:5,1
DA:6,1
DA:7,1
DA:8,1
DA:9,1
DA:10,1
DA:11,1
DA:12,1
DA:13,1
DA:14,1
DA:15,1
DA:16,1
DA:17,1
DA:18,1
DA:19,1
DA:20,1
DA:21,1
DA:22,1
DA:23,1
DA:24,1
DA:25,1
DA:26,1
DA:27,1
DA:28,1
DA:29,1
DA:30,1
DA:31,1
DA:32,1
DA:33,1
DA:34,1
DA:35,1
DA:36,1
DA:37,1
DA:38,1
DA:39,1
DA:40,1
DA:41,1
DA:42,1
DA:43,1
DA:44,1
DA:45,1
DA:46,1
DA:47,1
DA:48,1
DA:49,1
DA:50,1
DA:51,1
DA:52,1
DA:53,1
DA:54,1
DA:55,1
DA:56,1
DA:57,1
DA:58,1
DA:59,1
DA:60,1
DA:61,1
DA:62,1
DA:63,1
DA:64,1
DA:65,1
DA:66,1
DA:67,1
DA:68,1
DA:69,1
DA:70,1
DA:71,1
DA:72,1
DA:73,1
DA:74,1
DA:75,1
DA:76,1
DA:77,1
DA:78,1
DA:79,1
DA:80,1
DA:81,1
DA:82,1
DA:83,1
DA:84,1
DA:85,1
DA:86,1
LF:86
LH:86
BRDA:10,0,0,1
BRDA:10,1,0,1
BRDA:11,2,0,1
BRDA:25,3,0,1
BRDA:42,4,0,1
BRDA:57,5,0,1
BRDA:70,6,0,1
BRF:7
BRH:7
end_of_record
TN:
SF:src\services\Car\CreateCarService.ts
FN:9,CreateCarService
FN:14,Object.<anonymous>.CreateCarService.execute
FNF:2
FNH:2
FNDA:5,CreateCarService
FNDA:1,Object.<anonymous>.CreateCarService.execute
DA:1,1
DA:2,1
DA:3,1
DA:4,1
DA:5,1
DA:6,1
DA:7,1
DA:8,1
DA:9,1
DA:10,5
DA:11,5
DA:12,5
DA:13,1
DA:14,1
DA:15,1
DA:16,1
DA:17,1
DA:18,1
LF:18
LH:18
BRDA:8,0,0,1
BRDA:9,1,0,5
BRDA:14,2,0,1
BRDA:15,3,0,1
BRF:4
BRH:4
end_of_record
TN:
SF:src\services\Car\DeleteCarService.ts
FN:7,DeleteCarService
FN:15,Object.<anonymous>.DeleteCarService.execute
FNF:2
FNH:2
FNDA:5,DeleteCarService
FNDA:1,Object.<anonymous>.DeleteCarService.execute
DA:1,1
DA:2,1
DA:3,1
DA:4,1
DA:5,1
DA:6,1
DA:7,1
DA:8,5
DA:9,5
DA:10,5
DA:11,5
DA:12,5
DA:13,5
DA:14,1
DA:15,1
DA:16,1
DA:17,1
DA:18,0
DA:19,0
DA:20,1
DA:21,1
DA:22,1
DA:23,1
DA:24,0
DA:25,0
DA:26,1
DA:27,1
DA:28,1
DA:29,1
DA:30,1
LF:30
LH:26
BRDA:6,0,0,1
BRDA:7,1,0,5
BRDA:15,2,0,1
BRDA:16,3,0,1
BRDA:17,4,0,0
BRDA:23,5,0,0
BRDA:23,6,0,0
BRF:7
BRH:4
end_of_record
TN:
SF:src\services\Car\FindAllCarsService.ts
FN:8,FindAllCarService
FN:13,Object.<anonymous>.FindAllCarService.execute
FNF:2
FNH:2
FNDA:5,FindAllCarService
FNDA:1,Object.<anonymous>.FindAllCarService.execute
DA:1,1
DA:2,1
DA:3,1
DA:4,1
DA:5,1
DA:6,1
DA:7,1
DA:8,1
DA:9,5
DA:10,5
DA:11,5
DA:12,1
DA:13,1
DA:14,1
DA:15,1
DA:16,1
DA:17,1
LF:17
LH:17
BRDA:7,0,0,1
BRDA:8,1,0,5
BRDA:13,2,0,1
BRDA:14,3,0,1
BRF:4
BRH:4
end_of_record
TN:
SF:src\services\Car\FindByIdService.ts
FN:8,FindByIdService
FN:13,Object.<anonymous>.FindByIdService.execute
FNF:2
FNH:2
FNDA:5,FindByIdService
FNDA:1,Object.<anonymous>.FindByIdService.execute
DA:1,1
DA:2,1
DA:3,1
DA:4,1
DA:5,1
DA:6,1
DA:7,1
DA:8,1
DA:9,5
DA:10,5
DA:11,5
DA:12,1
DA:13,1
DA:14,1
DA:15,1
DA:16,1
DA:17,1
LF:17
LH:17
BRDA:7,0,0,1
BRDA:8,1,0,5
BRDA:13,2,0,1
BRDA:14,3,0,1
BRF:4
BRH:4
end_of_record
TN:
SF:src\services\Car\UpdateCarService.ts
FN:9,UpdateCarService
FN:14,Object.<anonymous>.UpdateCarService.execute
FNF:2
FNH:2
FNDA:5,UpdateCarService
FNDA:2,Object.<anonymous>.UpdateCarService.execute
DA:1,1
DA:2,1
DA:3,1
DA:4,1
DA:5,1
DA:6,1
DA:7,1
DA:8,1
DA:9,1
DA:10,5
DA:11,5
DA:12,5
DA:13,1
DA:14,1
DA:15,2
DA:16,0
DA:17,0
DA:18,2
DA:19,2
DA:20,2
DA:21,2
DA:22,1
DA:23,1
DA:24,1
DA:25,2
DA:26,2
DA:27,2
DA:28,2
DA:29,2
DA:30,2
DA:31,1
LF:31
LH:29
BRDA:8,0,0,1
BRDA:9,1,0,5
BRDA:14,2,0,2
BRDA:15,3,0,0
BRDA:21,4,0,1
BRDA:25,5,0,0
BRDA:26,6,0,1
BRDA:26,7,0,0
BRDA:27,8,0,1
BRDA:27,9,0,0
BRF:10
BRH:6
end_of_record
TN:
SF:src\services\CarUse\CreateCarUseService.ts
FN:10,CreateCarUseService
FN:19,Object.<anonymous>.CreateCarUseService.execute
FNF:2
FNH:2
FNDA:4,CreateCarUseService
FNDA:5,Object.<anonymous>.CreateCarUseService.execute
DA:1,1
DA:2,1
DA:3,1
DA:4,1
DA:5,1
DA:6,1
DA:7,1
DA:8,1
DA:9,1
DA:10,1
DA:11,4
DA:12,4
DA:13,4
DA:14,4
DA:15,4
DA:16,4
DA:17,4
DA:18,1
DA:19,1
DA:20,5
DA:21,5
DA:22,5
DA:23,5
DA:24,0
DA:25,0
DA:26,5
DA:27,5
DA:28,0
DA:29,0
DA:30,5
DA:31,5
DA:32,5
DA:33,5
DA:34,5
DA:35,5
DA:36,5
DA:37,5
DA:38,1
DA:39,1
DA:40,5
DA:41,5
DA:42,5
DA:43,5
DA:44,1
DA:45,1
DA:46,5
DA:47,5
DA:48,5
DA:49,5
DA:50,5
DA:51,1
LF:51
LH:47
BRDA:9,0,0,1
BRDA:10,1,0,4
BRDA:19,2,0,5
BRDA:20,3,0,5
BRDA:23,4,0,0
BRDA:27,5,0,0
BRDA:37,6,0,1
BRDA:37,7,0,1
BRDA:43,8,0,1
BRDA:43,9,0,1
BRF:10
BRH:8
end_of_record
TN:
SF:src\services\CarUse\EndCarUseService.ts
FN:6,EndCarUseService
FN:11,Object.<anonymous>.EndCarUseService.execute
FNF:2
FNH:2
FNDA:4,EndCarUseService
FNDA:4,Object.<anonymous>.EndCarUseService.execute
DA:1,1
DA:2,1
DA:3,1
DA:4,1
DA:5,1
DA:6,1
DA:7,4
DA:8,4
DA:9,4
DA:10,1
DA:11,1
DA:12,4
DA:13,1
DA:14,1
DA:15,3
DA:16,3
DA:17,4
DA:18,4
DA:19,1
DA:20,1
DA:21,2
DA:22,4
DA:23,1
DA:24,1
DA:25,1
DA:26,1
DA:27,1
DA:28,1
DA:29,1
DA:30,1
DA:31,4
DA:32,1
LF:32
LH:32
BRDA:5,0,0,1
BRDA:6,1,0,4
BRDA:11,2,0,4
BRDA:12,3,0,1
BRDA:15,4,0,3
BRDA:18,5,0,1
BRDA:21,6,0,2
BRDA:22,7,0,1
BRF:8
BRH:8
end_of_record
TN:
SF:src\services\CarUse\FindAllCarUseByDriverService.ts
FN:7,FindAllCarUseByDriverService
FN:12,Object.<anonymous>.FindAllCarUseByDriverService.execute
FNF:2
FNH:2
FNDA:4,FindAllCarUseByDriverService
FNDA:1,Object.<anonymous>.FindAllCarUseByDriverService.execute
DA:1,1
DA:2,1
DA:3,1
DA:4,1
DA:5,1
DA:6,1
DA:7,1
DA:8,4
DA:9,4
DA:10,4
DA:11,1
DA:12,1
DA:13,1
DA:14,1
DA:15,1
DA:16,1
LF:16
LH:16
BRDA:6,0,0,1
BRDA:7,1,0,4
BRDA:12,2,0,1
BRDA:13,3,0,1
BRF:4
BRH:4
end_of_record
TN:
SF:src\services\CarUse\FindAllCarUseService.ts
FN:7,FindAllcarUseService
FN:12,Object.<anonymous>.FindAllcarUseService.execute
FNF:2
FNH:2
FNDA:4,FindAllcarUseService
FNDA:1,Object.<anonymous>.FindAllcarUseService.execute
DA:1,1
DA:2,1
DA:3,1
DA:4,1
DA:5,1
DA:6,1
DA:7,1
DA:8,4
DA:9,4
DA:10,4
DA:11,1
DA:12,1
DA:13,1
DA:14,1
DA:15,1
DA:16,1
LF:16
LH:16
BRDA:6,0,0,1
BRDA:7,1,0,4
BRDA:12,2,0,1
BRDA:13,3,0,1
BRF:4
BRH:4
end_of_record
TN:
SF:src\services\CarUse\FindByIdService.ts
FN:8,FindByIdService
FN:13,Object.<anonymous>.FindByIdService.execute
FNF:2
FNH:0
FNDA:0,FindByIdService
FNDA:0,Object.<anonymous>.FindByIdService.execute
DA:1,1
DA:2,1
DA:3,1
DA:4,1
DA:5,1
DA:6,1
DA:7,1
DA:8,1
DA:9,0
DA:10,0
DA:11,0
DA:12,1
DA:13,1
DA:14,0
DA:15,0
DA:16,0
DA:17,1
LF:17
LH:11
BRDA:7,0,0,1
BRF:1
BRH:1
end_of_record
TN:
SF:src\services\Driver\CreateDriverService.ts
FN:9,CreateDriverService
FN:14,Object.<anonymous>.CreateDriverService.execute
FNF:2
FNH:2
FNDA:5,CreateDriverService
FNDA:1,Object.<anonymous>.CreateDriverService.execute
DA:1,1
DA:2,1
DA:3,1
DA:4,1
DA:5,1
DA:6,1
DA:7,1
DA:8,1
DA:9,1
DA:10,5
DA:11,5
DA:12,5
DA:13,1
DA:14,1
DA:15,1
DA:16,1
DA:17,1
DA:18,1
LF:18
LH:18
BRDA:8,0,0,1
BRDA:9,1,0,5
BRDA:14,2,0,1
BRDA:15,3,0,1
BRF:4
BRH:4
end_of_record
TN:
SF:src\services\Driver\DeleteDriverService.ts
FN:8,DeleteDriverService
FN:16,Object.<anonymous>.DeleteDriverService.execute
FNF:2
FNH:2
FNDA:5,DeleteDriverService
FNDA:2,Object.<anonymous>.DeleteDriverService.execute
DA:1,1
DA:2,1
DA:3,1
DA:4,1
DA:5,1
DA:6,1
DA:7,1
DA:8,1
DA:9,5
DA:10,5
DA:11,5
DA:12,5
DA:13,5
DA:14,5
DA:15,1
DA:16,1
DA:17,2
DA:18,0
DA:19,0
DA:20,2
DA:21,2
DA:22,2
DA:23,1
DA:24,1
DA:25,1
DA:26,1
DA:27,2
DA:28,2
DA:29,0
DA:30,0
DA:31,2
DA:32,2
DA:33,2
DA:34,2
DA:35,1
LF:35
LH:31
BRDA:7,0,0,1
BRDA:8,1,0,5
BRDA:16,2,0,2
BRDA:17,3,0,0
BRDA:22,4,0,1
BRDA:28,5,0,0
BRDA:28,6,0,0
BRF:7
BRH:4
end_of_record
TN:
SF:src\services\Driver\FindAllDriversService.ts
FN:8,FindAllcarService
FN:13,Object.<anonymous>.FindAllcarService.execute
FNF:2
FNH:2
FNDA:5,FindAllcarService
FNDA:1,Object.<anonymous>.FindAllcarService.execute
DA:1,1
DA:2,1
DA:3,1
DA:4,1
DA:5,1
DA:6,1
DA:7,1
DA:8,1
DA:9,5
DA:10,5
DA:11,5
DA:12,1
DA:13,1
DA:14,1
DA:15,1
DA:16,1
DA:17,1
LF:17
LH:17
BRDA:7,0,0,1
BRDA:8,1,0,5
BRDA:13,2,0,1
BRDA:14,3,0,1
BRF:4
BRH:4
end_of_record
TN:
SF:src\services\Driver\FindByIdService.ts
FN:8,FindByIdService
FN:13,Object.<anonymous>.FindByIdService.execute
FNF:2
FNH:2
FNDA:5,FindByIdService
FNDA:1,Object.<anonymous>.FindByIdService.execute
DA:1,1
DA:2,1
DA:3,1
DA:4,1
DA:5,1
DA:6,1
DA:7,1
DA:8,1
DA:9,5
DA:10,5
DA:11,5
DA:12,1
DA:13,1
DA:14,1
DA:15,1
DA:16,1
DA:17,1
LF:17
LH:17
BRDA:7,0,0,1
BRDA:8,1,0,5
BRDA:13,2,0,1
BRDA:14,3,0,1
BRF:4
BRH:4
end_of_record
TN:
SF:src\services\Driver\UpdateDriverService.ts
FN:7,UpdateDriverService
FN:12,Object.<anonymous>.UpdateDriverService.execute
FNF:2
FNH:2
FNDA:5,UpdateDriverService
FNDA:1,Object.<anonymous>.UpdateDriverService.execute
DA:1,1
DA:2,1
DA:3,1
DA:4,1
DA:5,1
DA:6,1
DA:7,1
DA:8,5
DA:9,5
DA:10,5
DA:11,1
DA:12,1
DA:13,1
DA:14,0
DA:15,0
DA:16,1
DA:17,1
DA:18,1
DA:19,1
DA:20,0
DA:21,0
DA:22,1
DA:23,1
DA:24,0
DA:25,0
DA:26,1
DA:27,1
DA:28,1
DA:29,1
DA:30,1
DA:31,1
LF:31
LH:25
BRDA:6,0,0,1
BRDA:7,1,0,5
BRDA:12,2,0,1
BRDA:13,3,0,0
BRDA:19,4,0,0
BRDA:23,5,0,0
BRF:6
BRH:3
end_of_record
TN:
SF:src\shared\infra\container\index.ts
FNF:0
FNH:0
DA:1,1
DA:2,1
DA:3,1
DA:4,1
DA:5,1
DA:6,1
DA:7,1
DA:8,1
DA:9,1
DA:10,1
DA:11,1
DA:12,1
DA:13,1
DA:14,1
DA:15,1
DA:16,1
DA:17,1
DA:18,1
DA:19,1
LF:19
LH:19
BRF:0
BRH:0
end_of_record
TN:
SF:src\shared\infra\http\routes\car.routes.ts
FNF:0
FNH:0
DA:1,1
DA:2,1
DA:3,1
DA:4,1
DA:5,1
DA:6,1
DA:7,1
DA:8,1
DA:9,1
DA:10,1
DA:11,1
DA:12,1
DA:13,1
DA:14,1
DA:15,1
DA:16,1
DA:17,1
LF:17
LH:17
BRF:0
BRH:0
end_of_record
TN:
SF:src\shared\infra\http\routes\carUse.routes.ts
FNF:0
FNH:0
DA:1,1
DA:2,1
DA:3,1
DA:4,1
DA:5,1
DA:6,1
DA:7,1
DA:8,1
DA:9,1
DA:10,1
DA:11,1
DA:12,1
DA:13,1
DA:14,1
DA:15,1
DA:16,1
DA:17,1
LF:17
LH:17
BRF:0
BRH:0
end_of_record
TN:
SF:src\shared\infra\http\routes\driver.routes.ts
FNF:0
FNH:0
DA:1,1
DA:2,1
DA:3,1
DA:4,1
DA:5,1
DA:6,1
DA:7,1
DA:8,1
DA:9,1
DA:10,1
DA:11,1
DA:12,1
DA:13,1
DA:14,1
DA:15,1
DA:16,1
DA:17,1
LF:17
LH:17
BRF:0
BRH:0
end_of_record
TN:
SF:src\shared\infra\http\routes\index.ts
FNF:0
FNH:0
DA:1,1
DA:2,1
DA:3,1
DA:4,1
DA:5,1
DA:6,1
DA:7,1
DA:8,1
DA:9,1
DA:10,1
DA:11,1
DA:12,1
LF:12
LH:12
BRF:0
BRH:0
end_of_record
TN:
SF:src\shared\typeorm\index.ts
FNF:0
FNH:0
DA:1,1
DA:2,1
DA:3,1
DA:4,1
DA:5,1
DA:6,1
DA:7,1
DA:8,1
DA:9,1
DA:10,1
DA:11,1
DA:12,1
DA:13,1
DA:14,1
DA:15,1
DA:16,1
DA:17,1
DA:18,1
DA:19,1
DA:20,1
LF:20
LH:20
BRDA:11,0,0,0
BRDA:13,1,0,0
BRDA:14,2,0,0
BRF:3
BRH:0
end_of_record
TN:
SF:src\shared\typeorm\entities\Car.ts
FN:4,Car
FNF:1
FNH:1
FNDA:4,Car
DA:1,1
DA:2,1
DA:3,1
DA:4,4
DA:5,4
DA:6,4
DA:7,4
DA:8,4
DA:9,4
DA:10,4
DA:11,4
DA:12,4
DA:13,4
DA:14,4
DA:15,4
DA:16,4
LF:16
LH:16
BRDA:4,0,0,1
BRDA:4,1,0,4
BRF:2
BRH:2
end_of_record
TN:
SF:src\shared\typeorm\entities\CarUse.ts
FN:12,CarUse
FN:16,default
FNF:2
FNH:1
FNDA:4,CarUse
FNDA:0,default
DA:1,1
DA:2,1
DA:3,1
DA:4,1
DA:5,1
DA:6,1
DA:7,1
DA:8,1
DA:9,1
DA:10,1
DA:11,1
DA:12,4
DA:13,4
DA:14,4
DA:15,4
DA:16,4
DA:17,4
DA:18,4
DA:19,4
DA:20,4
DA:21,4
DA:22,4
DA:23,4
DA:24,4
DA:25,4
DA:26,4
DA:27,4
DA:28,4
DA:29,4
DA:30,4
DA:31,4
DA:32,4
DA:33,4
DA:34,4
DA:35,4
DA:36,4
DA:37,4
DA:38,4
LF:38
LH:38
BRDA:12,0,0,1
BRDA:12,1,0,4
BRF:2
BRH:2
end_of_record
TN:
SF:src\shared\typeorm\entities\Driver.ts
FN:4,Driver
FNF:1
FNH:1
FNDA:3,Driver
DA:1,1
DA:2,1
DA:3,1
DA:4,3
DA:5,3
DA:6,3
DA:7,3
DA:8,3
DA:9,3
DA:10,3
LF:10
LH:10
BRDA:4,0,0,1
BRDA:4,1,0,3
BRF:2
BRH:2
end_of_record
TN:
SF:src\shared\typeorm\repositories\Car\CarRepository.ts
FN:10,CarRepository
FN:14,Object.<anonymous>.CarRepository.delete
FN:18,Object.<anonymous>.CarRepository.create
FN:24,Object.<anonymous>.CarRepository.findById
FN:29,Object.<anonymous>.CarRepository.findAll
FN:34,Object.<anonymous>.CarRepository.update
FNF:6
FNH:0
FNDA:0,CarRepository
FNDA:0,Object.<anonymous>.CarRepository.delete
FNDA:0,Object.<anonymous>.CarRepository.create
FNDA:0,Object.<anonymous>.CarRepository.findById
FNDA:0,Object.<anonymous>.CarRepository.findAll
FNDA:0,Object.<anonymous>.CarRepository.update
DA:1,1
DA:2,1
DA:3,1
DA:4,1
DA:5,1
DA:6,1
DA:7,1
DA:8,1
DA:9,1
DA:10,1
DA:11,0
DA:12,0
DA:13,1
DA:14,1
DA:15,0
DA:16,0
DA:17,1
DA:18,1
DA:19,0
DA:20,0
DA:21,0
DA:22,0
DA:23,1
DA:24,1
DA:25,0
DA:26,0
DA:27,0
DA:28,1
DA:29,1
DA:30,0
DA:31,0
DA:32,0
DA:33,1
DA:34,1
DA:35,0
DA:36,0
DA:37,0
DA:38,1
LF:38
LH:21
BRDA:7,0,0,1
BRF:1
BRH:1
end_of_record
TN:
SF:src\shared\typeorm\repositories\CarUse\CarUseRepository.ts
FN:10,CarUseRepository
FN:14,Object.<anonymous>.CarUseRepository.delete
FN:18,Object.<anonymous>.CarUseRepository.create
FN:24,Object.<anonymous>.CarUseRepository.findById
FN:29,Object.<anonymous>.CarUseRepository.findCarById
FN:34,Object.<anonymous>.CarUseRepository.findDriverById
FN:39,Object.<anonymous>.CarUseRepository.findAll
FN:44,Object.<anonymous>.CarUseRepository.update
FNF:8
FNH:0
FNDA:0,CarUseRepository
FNDA:0,Object.<anonymous>.CarUseRepository.delete
FNDA:0,Object.<anonymous>.CarUseRepository.create
FNDA:0,Object.<anonymous>.CarUseRepository.findById
FNDA:0,Object.<anonymous>.CarUseRepository.findCarById
FNDA:0,Object.<anonymous>.CarUseRepository.findDriverById
FNDA:0,Object.<anonymous>.CarUseRepository.findAll
FNDA:0,Object.<anonymous>.CarUseRepository.update
DA:1,1
DA:2,1
DA:3,1
DA:4,1
DA:5,1
DA:6,1
DA:7,1
DA:8,1
DA:9,1
DA:10,1
DA:11,0
DA:12,0
DA:13,1
DA:14,1
DA:15,0
DA:16,0
DA:17,1
DA:18,1
DA:19,0
DA:20,0
DA:21,0
DA:22,0
DA:23,1
DA:24,1
DA:25,0
DA:26,0
DA:27,0
DA:28,1
DA:29,1
DA:30,0
DA:31,0
DA:32,0
DA:33,1
DA:34,1
DA:35,0
DA:36,0
DA:37,0
DA:38,1
DA:39,1
DA:40,0
DA:41,0
DA:42,0
DA:43,1
DA:44,1
DA:45,0
DA:46,0
DA:47,0
DA:48,1
LF:48
LH:25
BRDA:7,0,0,1
BRF:1
BRH:1
end_of_record
TN:
SF:src\shared\typeorm\repositories\Driver\DriverRepository.ts
FN:10,DriverRepository
FN:14,Object.<anonymous>.DriverRepository.delete
FN:18,Object.<anonymous>.DriverRepository.create
FN:24,Object.<anonymous>.DriverRepository.findById
FN:29,Object.<anonymous>.DriverRepository.findAll
FN:34,Object.<anonymous>.DriverRepository.update
FNF:6
FNH:0
FNDA:0,DriverRepository
FNDA:0,Object.<anonymous>.DriverRepository.delete
FNDA:0,Object.<anonymous>.DriverRepository.create
FNDA:0,Object.<anonymous>.DriverRepository.findById
FNDA:0,Object.<anonymous>.DriverRepository.findAll
FNDA:0,Object.<anonymous>.DriverRepository.update
DA:1,1
DA:2,1
DA:3,1
DA:4,1
DA:5,1
DA:6,1
DA:7,1
DA:8,1
DA:9,1
DA:10,1
DA:11,0
DA:12,0
DA:13,1
DA:14,1
DA:15,0
DA:16,0
DA:17,1
DA:18,1
DA:19,0
DA:20,0
DA:21,0
DA:22,0
DA:23,1
DA:24,1
DA:25,0
DA:26,0
DA:27,0
DA:28,1
DA:29,1
DA:30,0
DA:31,0
DA:32,0
DA:33,1
DA:34,1
DA:35,0
DA:36,0
DA:37,0
DA:38,1
LF:38
LH:21
BRDA:7,0,0,1
BRF:1
BRH:1
end_of_record
TN:
SF:src\shared\typeorm\repositories\fakes\FakeCarRepository.ts
FN:10,FakeCarRepository
FN:14,Object.<anonymous>.FakeCarRepository.create
FN:26,Object.<anonymous>.FakeCarRepository.delete
FN:31,Object.<anonymous>.FakeCarRepository.update
FN:41,Object.<anonymous>.FakeCarRepository.findAll
FN:45,Object.<anonymous>.FakeCarRepository.findById
FNF:6
FNH:6
FNDA:4,FakeCarRepository
FNDA:4,Object.<anonymous>.FakeCarRepository.create
FNDA:1,Object.<anonymous>.FakeCarRepository.delete
FNDA:1,Object.<anonymous>.FakeCarRepository.update
FNDA:1,Object.<anonymous>.FakeCarRepository.findAll
FNDA:5,Object.<anonymous>.FakeCarRepository.findById
DA:1,1
DA:2,1
DA:3,1
DA:4,1
DA:5,1
DA:6,1
DA:7,1
DA:8,1
DA:9,1
DA:10,1
DA:11,4
DA:12,4
DA:13,1
DA:14,1
DA:15,4
DA:16,4
DA:17,4
DA:18,4
DA:19,4
DA:20,4
DA:21,4
DA:22,4
DA:23,4
DA:24,4
DA:25,1
DA:26,1
DA:27,1
DA:28,1
DA:29,1
DA:30,1
DA:31,1
DA:32,1
DA:33,1
DA:34,1
DA:35,1
DA:36,1
DA:37,1
DA:38,1
DA:39,1
DA:40,1
DA:41,1
DA:42,1
DA:43,1
DA:44,1
DA:45,1
DA:46,5
DA:47,5
DA:48,1
LF:48
LH:48
BRDA:7,0,0,1
BRDA:10,1,0,4
BRDA:14,2,0,4
BRDA:26,3,0,1
BRDA:27,4,0,1
BRDA:31,5,0,1
BRDA:32,6,0,1
BRDA:41,7,0,1
BRDA:45,8,0,5
BRDA:46,9,0,6
BRF:10
BRH:10
end_of_record
TN:
SF:src\shared\typeorm\repositories\fakes\FakeCarUseRepository.ts
FN:9,FakeCarUseRepository
FN:13,Object.<anonymous>.FakeCarUseRepository.create
FN:25,Object.<anonymous>.FakeCarUseRepository.update
FN:37,Object.<anonymous>.FakeCarUseRepository.findAll
FN:41,Object.<anonymous>.FakeCarUseRepository.findById
FN:45,Object.<anonymous>.FakeCarUseRepository.findCarById
FN:52,Object.<anonymous>.FakeCarUseRepository.findDriverById
FNF:7
FNH:7
FNDA:4,FakeCarUseRepository
FNDA:4,Object.<anonymous>.FakeCarUseRepository.create
FNDA:1,Object.<anonymous>.FakeCarUseRepository.update
FNDA:1,Object.<anonymous>.FakeCarUseRepository.findAll
FNDA:3,Object.<anonymous>.FakeCarUseRepository.findById
FNDA:5,Object.<anonymous>.FakeCarUseRepository.findCarById
FNDA:6,Object.<anonymous>.FakeCarUseRepository.findDriverById
DA:1,1
DA:2,1
DA:3,1
DA:4,1
DA:5,1
DA:6,1
DA:7,1
DA:8,1
DA:9,1
DA:10,4
DA:11,4
DA:12,1
DA:13,1
DA:14,4
DA:15,4
DA:16,4
DA:17,4
DA:18,4
DA:19,4
DA:20,4
DA:21,4
DA:22,4
DA:23,4
DA:24,1
DA:25,1
DA:26,1
DA:27,1
DA:28,1
DA:29,1
DA:30,1
DA:31,1
DA:32,1
DA:33,1
DA:34,1
DA:35,1
DA:36,1
DA:37,1
DA:38,1
DA:39,1
DA:40,1
DA:41,1
DA:42,3
DA:43,3
DA:44,1
DA:45,1
DA:46,5
DA:47,5
DA:48,5
DA:49,5
DA:50,5
DA:51,1
DA:52,1
DA:53,6
DA:54,6
DA:55,6
DA:56,6
DA:57,6
DA:58,1
LF:58
LH:58
BRDA:6,0,0,1
BRDA:9,1,0,4
BRDA:13,2,0,4
BRDA:25,3,0,1
BRDA:27,4,0,1
BRDA:37,5,0,1
BRDA:41,6,0,3
BRDA:42,7,0,3
BRDA:45,8,0,5
BRDA:46,9,0,2
BRDA:52,10,0,6
BRDA:53,11,0,3
BRF:12
BRH:12
end_of_record
TN:
SF:src\shared\typeorm\repositories\fakes\FakeDriverRepository.ts
FN:10,FakeDriverRepository
FN:14,Object.<anonymous>.FakeDriverRepository.create
FN:26,Object.<anonymous>.FakeDriverRepository.delete
FN:31,Object.<anonymous>.FakeDriverRepository.update
FN:43,Object.<anonymous>.FakeDriverRepository.findAll
FN:47,Object.<anonymous>.FakeDriverRepository.findById
FNF:6
FNH:6
FNDA:4,FakeDriverRepository
FNDA:3,Object.<anonymous>.FakeDriverRepository.create
FNDA:1,Object.<anonymous>.FakeDriverRepository.delete
FNDA:1,Object.<anonymous>.FakeDriverRepository.update
FNDA:1,Object.<anonymous>.FakeDriverRepository.findAll
FNDA:5,Object.<anonymous>.FakeDriverRepository.findById
DA:1,1
DA:2,1
DA:3,1
DA:4,1
DA:5,1
DA:6,1
DA:7,1
DA:8,1
DA:9,1
DA:10,1
DA:11,4
DA:12,4
DA:13,1
DA:14,1
DA:15,3
DA:16,3
DA:17,3
DA:18,3
DA:19,3
DA:20,3
DA:21,3
DA:22,3
DA:23,3
DA:24,3
DA:25,1
DA:26,1
DA:27,1
DA:28,1
DA:29,1
DA:30,1
DA:31,1
DA:32,1
DA:33,1
DA:34,1
DA:35,1
DA:36,1
DA:37,1
DA:38,1
DA:39,1
DA:40,1
DA:41,1
DA:42,1
DA:43,1
DA:44,1
DA:45,1
DA:46,1
DA:47,1
DA:48,5
DA:49,5
DA:50,1
LF:50
LH:50
BRDA:7,0,0,1
BRDA:10,1,0,4
BRDA:14,2,0,3
BRDA:26,3,0,1
BRDA:27,4,0,1
BRDA:31,5,0,1
BRDA:33,6,0,1
BRDA:43,7,0,1
BRDA:47,8,0,5
BRDA:48,9,0,5
BRF:10
BRH:10
end_of_record
